<?xml version="1.0" encoding="UTF-8"?>
<!-- Generated by org.testng.reporters.JUnitReportReporter -->
<testsuite hostname="DESKTOP-FC9QTB7" failures="0" tests="1" name="testClass_Profile_Update.LoginTest" time="0.929" errors="0" timestamp="2023-05-30T17:11:48 IST" skipped="0">
  <testcase classname="testClass_Profile_Update.LoginTest" name="Login" time="0.929"/>
  <system-out/>
</testsuite> <!-- testClass_Profile_Update.LoginTest -->
